[2026-03-25 22:49:18] === LOOP STARTING ===
[2026-03-25 22:49:18] Working directory: /home/user/go/src/github.com/opd-ai/velocity
[2026-03-25 22:49:18] Prompt directory:  /home/user/go/src/github.com/opd-ai/go-stats-generator
[2026-03-25 22:49:18] Max iterations:    50
[2026-03-25 22:49:18] --- Initialization ---
[2026-03-25 22:49:18] AUDIT.md not found — delegating BASE_AUDIT.md...
[2026-03-25 22:49:18] Delegating: BASE_AUDIT.md
[2026-03-25 22:58:15] Delegation complete: BASE_AUDIT.md (exit code: 1)
[2026-03-25 22:58:15] WARNING: AUDIT.md was not created by BASE_AUDIT.md delegation.
[2026-03-25 22:58:15] PLAN.md already exists — skipping MAKE_PLAN.md.
[2026-03-25 22:58:15] --- Entering main loop (max 50 iterations) ---
[2026-03-25 22:58:15] 
[2026-03-25 22:58:15] === Iteration 1 / 50 ===
[2026-03-25 22:58:15] Step A: Executing next task...
[2026-03-25 22:58:15] Delegating: EXECUTE.md
[2026-03-26 00:40:41] Delegation complete: EXECUTE.md (exit code: 141)
[2026-03-26 00:40:41] WARNING: EXECUTE.md delegation returned non-zero.
[2026-03-26 00:40:41] Step B: Running tests...
[2026-03-26 00:40:41] Running tests...
[2026-03-26 00:40:43] Tests PASSED
[2026-03-26 00:40:43] [iteration 1] executed EXECUTE.md — tests: PASS
[2026-03-26 00:40:43] 
[2026-03-26 00:40:43] === Iteration 2 / 50 ===
[2026-03-26 00:40:43] Step A: Executing next task...
[2026-03-26 00:40:43] Delegating: EXECUTE.md
[2026-03-26 01:30:27] Delegation complete: EXECUTE.md (exit code: 141)
[2026-03-26 01:30:27] WARNING: EXECUTE.md delegation returned non-zero.
[2026-03-26 01:30:27] Step B: Running tests...
[2026-03-26 01:30:27] Running tests...
[2026-03-26 01:30:31] Tests PASSED
[2026-03-26 01:30:31] [iteration 2] executed EXECUTE.md — tests: PASS
[2026-03-26 01:30:31] 
[2026-03-26 01:30:31] === Iteration 3 / 50 ===
[2026-03-26 01:30:31] Step A: Executing next task...
[2026-03-26 01:30:31] Delegating: EXECUTE.md
[2026-03-26 01:57:01] Delegation complete: EXECUTE.md (exit code: 141)
[2026-03-26 01:57:01] WARNING: EXECUTE.md delegation returned non-zero.
[2026-03-26 01:57:01] Step B: Running tests...
[2026-03-26 01:57:01] Running tests...
[2026-03-26 01:57:04] Tests PASSED
[2026-03-26 01:57:04] [iteration 3] executed EXECUTE.md — tests: PASS
[2026-03-26 01:57:04] Step C: Periodic maintenance check (iteration 3)...
[2026-03-26 01:57:04] Complexity violations found: 535 functions exceed thresholds
[2026-03-26 01:57:04]   Complexity violations detected — delegating BREAKDOWN.md...
[2026-03-26 01:57:04] Delegating: BREAKDOWN.md
[2026-03-26 02:07:45] Delegation complete: BREAKDOWN.md (exit code: 141)
[2026-03-26 02:07:45] Running tests...
[2026-03-26 02:07:48] Tests PASSED
[2026-03-26 02:07:48] [iteration 3] executed BREAKDOWN.md — tests: PASS
[2026-03-26 02:07:48] Backlog is empty (AUDIT.md and PLAN.md absent/empty).
[2026-03-26 02:07:48] Running tests...
[2026-03-26 02:07:52] Tests PASSED
[2026-03-26 02:07:52] 
[2026-03-26 02:07:52] === LOOP COMPLETE ===
[2026-03-26 02:07:52] Iterations: 3
[2026-03-26 02:07:52] Tasks executed: 4
[2026-03-26 02:07:52] Test failures encountered: 0
[2026-03-26 02:07:52] Final test status: PASS
